<?xml version="1.0" encoding="UTF-8"?>
<!-- Generated by org.testng.reporters.JUnitReportReporter -->
<testsuite hostname="TYNP-54" failures="0" tests="1" name="Day_029_PageObjectModel.TC01_Add_Customers" time="7.718" errors="0" timestamp="05 Oct 2021 12:17:23 GMT" skipped="0">
  <testcase classname="Day_029_PageObjectModel.TC01_Add_Customers" name="Book_OneWay_Flight" time="7.718"/>
</testsuite> <!-- Day_029_PageObjectModel.TC01_Add_Customers -->
