<?xml version="1.0" encoding="UTF-8"?>
<!-- Generated by org.testng.reporters.JUnitReportReporter -->
<testsuite hostname="TYNP-54" failures="0" tests="4" name="ABC_Demo5.TC01_Login_Static_DataProvider1" time="70.119" errors="0" timestamp="30 Sep 2021 12:28:23 GMT" skipped="0">
  <testcase classname="ABC_Demo5.TC01_Login_Static_DataProvider1" name="loginTest" time="18.330"/>
  <testcase classname="ABC_Demo5.TC01_Login_Static_DataProvider1" name="loginTest" time="18.810"/>
  <testcase classname="ABC_Demo5.TC01_Login_Static_DataProvider1" name="loginTest" time="17.312"/>
  <testcase classname="ABC_Demo5.TC01_Login_Static_DataProvider1" name="loginTest" time="15.667"/>
</testsuite> <!-- ABC_Demo5.TC01_Login_Static_DataProvider1 -->
