<?xml version="1.0" encoding="UTF-8"?>
<!-- Generated by org.testng.reporters.JUnitReportReporter -->
<testsuite hostname="TYNP-54" failures="0" tests="1" name="ABC_Demo5.Gmail_Login1" time="3.657" errors="0" timestamp="05 Oct 2021 06:29:36 GMT" skipped="0">
  <testcase classname="ABC_Demo5.Gmail_Login1" name="loginTest" time="3.657"/>
</testsuite> <!-- ABC_Demo5.Gmail_Login1 -->
