<?xml version="1.0" encoding="UTF-8"?>
<!-- Generated by org.testng.reporters.JUnitReportReporter -->
<testsuite hostname="TYNP-54" failures="0" tests="1" name="Day_019_Frames.Switch_By_FrameName" time="6.727" errors="0" timestamp="11 Oct 2021 17:01:41 GMT" skipped="0">
  <testcase classname="Day_019_Frames.Switch_By_FrameName" name="Login_Test" time="6.727"/>
</testsuite> <!-- Day_019_Frames.Switch_By_FrameName -->
