<?xml version="1.0" encoding="UTF-8"?>
<!-- Generated by org.testng.reporters.JUnitReportReporter -->
<testsuite hostname="TYNP-54" failures="0" tests="1" name="Day_019_Frames.Switch_Frame_By_WebElement" time="5.688" errors="0" timestamp="11 Oct 2021 17:02:15 GMT" skipped="0">
  <testcase classname="Day_019_Frames.Switch_Frame_By_WebElement" name="Login_Test" time="5.688"/>
</testsuite> <!-- Day_019_Frames.Switch_Frame_By_WebElement -->
