<?xml version="1.0" encoding="UTF-8"?>
<!-- Generated by org.testng.reporters.JUnitReportReporter -->
<testsuite hostname="TYNP-54" failures="0" tests="1" name="Day_029_PageObjectModel.TC01_Add_Education" time="13.381" errors="0" timestamp="06 Oct 2021 14:05:26 GMT" skipped="0">
  <testcase classname="Day_029_PageObjectModel.TC01_Add_Education" name="Book_OneWay_Flight" time="13.381"/>
</testsuite> <!-- Day_029_PageObjectModel.TC01_Add_Education -->
