<?xml version="1.0" encoding="UTF-8"?>
<!-- Generated by org.testng.reporters.JUnitReportReporter -->
<testsuite hostname="TYNP-54" failures="0" tests="1" name="A1_Day01.TC01_Add_jobs_Methods_Parameters" time="17.673" errors="0" timestamp="30 Sep 2021 15:54:04 GMT" skipped="0">
  <testcase classname="A1_Day01.TC01_Add_jobs_Methods_Parameters" name="Add_jobs_Test" time="17.673"/>
</testsuite> <!-- A1_Day01.TC01_Add_jobs_Methods_Parameters -->
