<?xml version="1.0" encoding="UTF-8"?>
<!-- Generated by org.testng.reporters.JUnitReportReporter -->
<testsuite hostname="TYNP-54" failures="0" tests="1" name="Day_028_WebTable_Examples.Joblist" time="22.227" errors="0" timestamp="11 Oct 2021 12:58:03 GMT" skipped="0">
  <testcase classname="Day_028_WebTable_Examples.Joblist" name="ExportAllJoblist" time="22.227"/>
</testsuite> <!-- Day_028_WebTable_Examples.Joblist -->
