<?xml version="1.0" encoding="UTF-8"?>
<!-- Generated by org.testng.reporters.JUnitReportReporter -->
<testsuite hostname="TYNP-54" failures="0" tests="1" name="Day_029_PageObjectModel.TC01_Add_Locations" time="13.975" errors="0" timestamp="09 Oct 2021 07:56:24 GMT" skipped="0">
  <testcase classname="Day_029_PageObjectModel.TC01_Add_Locations" name="Book_OneWay_Flight" time="13.975"/>
</testsuite> <!-- Day_029_PageObjectModel.TC01_Add_Locations -->
