<?xml version="1.0" encoding="UTF-8"?>
<!-- Generated by org.testng.reporters.JUnitReportReporter -->
<testsuite hostname="TYNP-54" failures="0" tests="1" name="Day_019_Frames.FrameByIndex" time="5.698" errors="0" timestamp="11 Oct 2021 16:59:22 GMT" skipped="0">
  <testcase classname="Day_019_Frames.FrameByIndex" name="Login_Test" time="5.698"/>
</testsuite> <!-- Day_019_Frames.FrameByIndex -->
