<?xml version="1.0" encoding="UTF-8"?>
<!-- Generated by org.testng.reporters.JUnitReportReporter -->
<testsuite hostname="TYNP-54" failures="0" tests="3" name="ABC_Demo5.TC01_Login_Static_DataProvider2" time="57.356" errors="0" timestamp="04 Oct 2021 06:01:09 GMT" skipped="0">
  <testcase classname="ABC_Demo5.TC01_Login_Static_DataProvider2" name="loginTest" time="14.302"/>
  <testcase classname="ABC_Demo5.TC01_Login_Static_DataProvider2" name="loginTest" time="28.308"/>
  <testcase classname="ABC_Demo5.TC01_Login_Static_DataProvider2" name="loginTest" time="14.746"/>
</testsuite> <!-- ABC_Demo5.TC01_Login_Static_DataProvider2 -->
