<?xml version="1.0" encoding="UTF-8"?>
<!-- Generated by org.testng.reporters.JUnitReportReporter -->
<testsuite hostname="TYNP-54" failures="0" tests="1" name="Day_028_WebTable_Examples.ExportEmployees" time="52.183" errors="0" timestamp="11 Oct 2021 11:07:52 GMT" skipped="0">
  <testcase classname="Day_028_WebTable_Examples.ExportEmployees" name="ExportAllEmployees" time="52.183"/>
</testsuite> <!-- Day_028_WebTable_Examples.ExportEmployees -->
